<?xml version="1.0" encoding="UTF-8"?>
<!-- Generated by org.testng.reporters.JUnitReportReporter -->
<testsuite hostname="MacPro512-Template-2.local" name="org.meteogrou.jbrotli.servlet.HelloBrotliHttpControllerTest" tests="3" failures="0" timestamp="29 May 2020 21:33:32 GMT" time="0.295" errors="0">
  <testcase name="hello_brotli_controller_response_OK" time="0.036" classname="org.meteogrou.jbrotli.servlet.HelloBrotliHttpControllerTest"/>
  <testcase name="brotli_content_encoding_is_set" time="0.228" classname="org.meteogrou.jbrotli.servlet.HelloBrotliHttpControllerTest"/>
  <testcase name="content_length_is_NOT_set__OR_is_zero" time="0.031" classname="org.meteogrou.jbrotli.servlet.HelloBrotliHttpControllerTest"/>
</testsuite> <!-- org.meteogrou.jbrotli.servlet.HelloBrotliHttpControllerTest -->
